2025-10-12 13:44:00 | DEBUG | repo=pv243-a4m36jee-2016-security-seminar | action=commit
2025-02-25 12:37:00 | DEBUG | repo=pv243-a4m36jee-2016-security-seminar | action=commit
2025-03-14 21:49:00 | DEBUG | repo=pv243-a4m36jee-2016-security-seminar | action=commit
2025-04-19 11:59:00 | INFO | repo=pv243-a4m36jee-2016-security-seminar | action=commit
2025-01-01 08:58:00 | DEBUG | repo=pv243-a4m36jee-2016-security-seminar | action=commit
2025-02-20 12:07:00 | INFO | repo=pv243-a4m36jee-2016-security-seminar | action=commit
2025-07-12 12:07:00 | WARN | repo=pv243-a4m36jee-2016-security-seminar | action=commit
2025-02-19 16:54:00 | DEBUG | repo=pv243-a4m36jee-2016-security-seminar | action=test | passed=true
2025-06-27 17:07:00 | INFO | repo=pv243-a4m36jee-2016-security-seminar | action=pull
2025-01-08 11:13:00 | WARN | repo=pv243-a4m36jee-2016-security-seminar | action=commit
2025-07-07 07:13:00 | WARN | repo=pv243-a4m36jee-2016-security-seminar | action=pull
2025-04-13 21:40:00 | DEBUG | repo=pv243-a4m36jee-2016-security-seminar | action=commit
2025-02-11 12:26:00 | WARN | repo=pv243-a4m36jee-2016-security-seminar | action=commit
2025-12-10 18:40:00 | WARN | repo=pv243-a4m36jee-2016-security-seminar | action=pull
2025-02-08 09:27:00 | DEBUG | repo=pv243-a4m36jee-2016-security-seminar | action=commit
2025-06-01 14:54:00 | DEBUG | repo=pv243-a4m36jee-2016-security-seminar | action=commit
2025-03-16 14:29:00 | WARN | repo=pv243-a4m36jee-2016-security-seminar | action=commit
2025-04-26 19:19:00 | WARN | repo=pv243-a4m36jee-2016-security-seminar | action=commit
2025-03-13 18:43:00 | WARN | repo=pv243-a4m36jee-2016-security-seminar | action=commit
2025-04-01 21:39:00 | WARN | repo=pv243-a4m36jee-2016-security-seminar | action=test | passed=true
2025-11-18 20:29:00 | DEBUG | repo=pv243-a4m36jee-2016-security-seminar | action=pull
2025-11-15 20:56:00 | INFO | repo=pv243-a4m36jee-2016-security-seminar | action=pull
2025-12-20 11:28:00 | WARN | repo=pv243-a4m36jee-2016-security-seminar | action=commit
2025-03-14 12:30:00 | DEBUG | repo=pv243-a4m36jee-2016-security-seminar | action=commit
2025-01-22 15:53:00 | DEBUG | repo=pv243-a4m36jee-2016-security-seminar | action=commit
2025-07-22 10:16:00 | WARN | repo=pv243-a4m36jee-2016-security-seminar | action=commit
2025-11-27 20:16:00 | INFO | repo=pv243-a4m36jee-2016-security-seminar | action=commit
2025-09-24 12:09:00 | INFO | repo=pv243-a4m36jee-2016-security-seminar | action=pull
2025-05-06 12:18:00 | WARN | repo=pv243-a4m36jee-2016-security-seminar | action=commit
2025-02-15 19:40:00 | INFO | repo=pv243-a4m36jee-2016-security-seminar | action=edit | files=5
2025-04-06 09:49:00 | DEBUG | repo=pv243-a4m36jee-2016-security-seminar | action=commit
2025-05-08 19:18:00 | WARN | repo=pv243-a4m36jee-2016-security-seminar | action=commit
2025-05-18 21:54:00 | DEBUG | repo=pv243-a4m36jee-2016-security-seminar | action=commit
2025-05-16 16:57:00 | DEBUG | repo=pv243-a4m36jee-2016-security-seminar | action=commit
2025-01-28 18:45:00 | INFO | repo=pv243-a4m36jee-2016-security-seminar | action=test | passed=true
2025-03-16 21:32:00 | DEBUG | repo=pv243-a4m36jee-2016-security-seminar | action=test | passed=true
2025-03-01 07:24:00 | INFO | repo=pv243-a4m36jee-2016-security-seminar | action=test | passed=true
2025-06-19 15:09:00 | INFO | repo=pv243-a4m36jee-2016-security-seminar | action=test | passed=true
2025-02-07 07:29:00 | DEBUG | repo=pv243-a4m36jee-2016-security-seminar | action=commit
2025-11-03 13:38:00 | WARN | repo=pv243-a4m36jee-2016-security-seminar | action=test | passed=true
2025-06-19 11:55:00 | WARN | repo=pv243-a4m36jee-2016-security-seminar | action=commit
2025-10-14 21:08:00 | INFO | repo=pv243-a4m36jee-2016-security-seminar | action=commit
2025-03-04 07:35:00 | INFO | repo=pv243-a4m36jee-2016-security-seminar | action=test | passed=true
2025-07-04 15:26:00 | WARN | repo=pv243-a4m36jee-2016-security-seminar | action=edit | files=4
2025-06-22 07:59:00 | INFO | repo=pv243-a4m36jee-2016-security-seminar | action=commit
2025-07-10 09:50:00 | DEBUG | repo=pv243-a4m36jee-2016-security-seminar | action=commit
2025-04-23 07:17:00 | DEBUG | repo=pv243-a4m36jee-2016-security-seminar | action=commit
2025-10-27 19:15:00 | INFO | repo=pv243-a4m36jee-2016-security-seminar | action=commit
2025-08-08 12:56:00 | DEBUG | repo=pv243-a4m36jee-2016-security-seminar | action=test | passed=true
2025-07-15 14:33:00 | INFO | repo=pv243-a4m36jee-2016-security-seminar | action=edit | files=5
2025-11-08 09:29:00 | WARN | repo=pv243-a4m36jee-2016-security-seminar | action=commit
2025-07-13 13:31:00 | INFO | repo=pv243-a4m36jee-2016-security-seminar | action=commit
2025-09-20 10:36:00 | DEBUG | repo=pv243-a4m36jee-2016-security-seminar | action=test | passed=true
2025-10-18 13:37:00 | DEBUG | repo=pv243-a4m36jee-2016-security-seminar | action=commit
2025-07-09 20:05:00 | DEBUG | repo=pv243-a4m36jee-2016-security-seminar | action=pull
2025-12-03 07:18:00 | INFO | repo=pv243-a4m36jee-2016-security-seminar | action=edit | files=2
2025-03-11 14:29:00 | WARN | repo=pv243-a4m36jee-2016-security-seminar | action=pull
2025-01-10 15:11:00 | DEBUG | repo=pv243-a4m36jee-2016-security-seminar | action=commit
2025-09-07 14:28:00 | DEBUG | repo=pv243-a4m36jee-2016-security-seminar | action=pull
2025-03-02 20:18:00 | WARN | repo=pv243-a4m36jee-2016-security-seminar | action=test | passed=true
2025-04-26 21:42:00 | WARN | repo=pv243-a4m36jee-2016-security-seminar | action=commit
2025-08-04 16:59:00 | WARN | repo=pv243-a4m36jee-2016-security-seminar | action=commit
2025-11-02 19:55:00 | WARN | repo=pv243-a4m36jee-2016-security-seminar | action=pull
2025-09-25 07:13:00 | INFO | repo=pv243-a4m36jee-2016-security-seminar | action=pull
2025-09-16 19:57:00 | WARN | repo=pv243-a4m36jee-2016-security-seminar | action=edit | files=3
2025-09-06 20:27:00 | INFO | repo=pv243-a4m36jee-2016-security-seminar | action=pull
2025-10-01 11:14:00 | DEBUG | repo=pv243-a4m36jee-2016-security-seminar | action=commit
2025-06-09 07:07:00 | WARN | repo=pv243-a4m36jee-2016-security-seminar | action=edit | files=3
2025-10-02 17:14:00 | DEBUG | repo=pv243-a4m36jee-2016-security-seminar | action=commit
2025-05-03 19:57:00 | INFO | repo=pv243-a4m36jee-2016-security-seminar | action=commit
2025-04-08 13:15:00 | DEBUG | repo=pv243-a4m36jee-2016-security-seminar | action=commit
2025-05-15 21:44:00 | DEBUG | repo=pv243-a4m36jee-2016-security-seminar | action=commit
2025-06-12 18:42:00 | DEBUG | repo=pv243-a4m36jee-2016-security-seminar | action=commit
2025-02-18 19:44:00 | WARN | repo=pv243-a4m36jee-2016-security-seminar | action=commit
2025-04-11 19:28:00 | WARN | repo=pv243-a4m36jee-2016-security-seminar | action=edit | files=3
2025-04-26 13:24:00 | INFO | repo=pv243-a4m36jee-2016-security-seminar | action=commit
2025-01-07 21:33:00 | INFO | repo=pv243-a4m36jee-2016-security-seminar | action=commit
2025-04-06 13:48:00 | INFO | repo=pv243-a4m36jee-2016-security-seminar | action=commit
2025-03-18 14:47:00 | WARN | repo=pv243-a4m36jee-2016-security-seminar | action=edit | files=5
2025-10-21 16:06:00 | WARN | repo=pv243-a4m36jee-2016-security-seminar | action=pull
2025-06-13 14:51:00 | WARN | repo=pv243-a4m36jee-2016-security-seminar | action=pull
2025-08-20 09:11:00 | WARN | repo=pv243-a4m36jee-2016-security-seminar | action=test | passed=true
2025-08-16 07:31:00 | INFO | repo=pv243-a4m36jee-2016-security-seminar | action=pull
2025-10-24 19:46:00 | WARN | repo=pv243-a4m36jee-2016-security-seminar | action=commit
2025-04-03 08:09:00 | INFO | repo=pv243-a4m36jee-2016-security-seminar | action=edit | files=3
2025-11-22 13:15:00 | WARN | repo=pv243-a4m36jee-2016-security-seminar | action=pull
2025-11-20 19:37:00 | DEBUG | repo=pv243-a4m36jee-2016-security-seminar | action=test | passed=true
2025-08-08 14:06:00 | WARN | repo=pv243-a4m36jee-2016-security-seminar | action=edit | files=3
2025-02-02 13:38:00 | INFO | repo=pv243-a4m36jee-2016-security-seminar | action=test | passed=true
2025-04-14 07:34:00 | DEBUG | repo=pv243-a4m36jee-2016-security-seminar | action=test | passed=true
2025-05-02 12:48:00 | DEBUG | repo=pv243-a4m36jee-2016-security-seminar | action=commit
2025-04-06 21:17:00 | WARN | repo=pv243-a4m36jee-2016-security-seminar | action=commit
2025-06-06 11:52:00 | DEBUG | repo=pv243-a4m36jee-2016-security-seminar | action=commit
2025-08-28 15:24:00 | INFO | repo=pv243-a4m36jee-2016-security-seminar | action=edit | files=4
2025-02-20 08:07:00 | WARN | repo=pv243-a4m36jee-2016-security-seminar | action=commit
2025-03-05 21:15:00 | INFO | repo=pv243-a4m36jee-2016-security-seminar | action=edit | files=4
2025-05-22 21:10:00 | DEBUG | repo=pv243-a4m36jee-2016-security-seminar | action=commit
2025-07-25 11:31:00 | WARN | repo=pv243-a4m36jee-2016-security-seminar | action=pull
2025-09-06 18:23:00 | WARN | repo=pv243-a4m36jee-2016-security-seminar | action=pull
2025-01-16 15:03:00 | DEBUG | repo=pv243-a4m36jee-2016-security-seminar | action=commit
2025-03-25 08:53:00 | INFO | repo=pv243-a4m36jee-2016-security-seminar | action=edit | files=2
2025-06-28 14:40:00 | DEBUG | repo=pv243-a4m36jee-2016-security-seminar | action=pull
2025-10-10 18:52:00 | WARN | repo=pv243-a4m36jee-2016-security-seminar | action=commit
2025-07-16 08:37:00 | INFO | repo=pv243-a4m36jee-2016-security-seminar | action=edit | files=3
2025-07-19 15:16:00 | DEBUG | repo=pv243-a4m36jee-2016-security-seminar | action=commit
2025-06-10 07:31:00 | WARN | repo=pv243-a4m36jee-2016-security-seminar | action=commit
2025-02-04 15:01:00 | DEBUG | repo=pv243-a4m36jee-2016-security-seminar | action=test | passed=true
2025-01-01 10:29:00 | INFO | repo=pv243-a4m36jee-2016-security-seminar | action=commit
2025-02-11 09:58:00 | WARN | repo=pv243-a4m36jee-2016-security-seminar | action=pull
2025-05-25 15:16:00 | DEBUG | repo=pv243-a4m36jee-2016-security-seminar | action=pull
2025-10-27 11:51:00 | INFO | repo=pv243-a4m36jee-2016-security-seminar | action=commit
2025-04-02 10:47:00 | WARN | repo=pv243-a4m36jee-2016-security-seminar | action=pull
2025-06-15 19:20:00 | DEBUG | repo=pv243-a4m36jee-2016-security-seminar | action=pull
2025-05-16 16:13:00 | WARN | repo=pv243-a4m36jee-2016-security-seminar | action=commit
2025-12-01 14:29:00 | DEBUG | repo=pv243-a4m36jee-2016-security-seminar | action=pull
2025-04-24 19:42:00 | WARN | repo=pv243-a4m36jee-2016-security-seminar | action=commit
2025-10-16 07:37:00 | INFO | repo=pv243-a4m36jee-2016-security-seminar | action=commit
2025-09-21 20:31:00 | DEBUG | repo=pv243-a4m36jee-2016-security-seminar | action=commit
